2015-11-17 06:58:18,052 [INFO] from play.core.server.NettyServer in play-fork-run-akka.actor.default-dispatcher-7 - Listening for HTTP on /0:0:0:0:0:0:0:0:9000
2015-11-17 06:58:32,282 [ERROR] from application in New I/O worker #1 - 

! @6o6c3ooai - Internal server error, for (GET) [/] ->
 
play.forkrun.protocol.Serializers$playExceptionPickler$$anon$1: Compilation error[not found: value title]
	at play.forkrun.protocol.Serializers$playExceptionPickler$.unpickle(Serializers.scala:159) ~[na:na]
	at play.forkrun.protocol.Serializers$PlayRunsupportReloaderCompileFailureUnpickler$macro$56$2$.unpickle(Serializers.scala:175) ~[na:na]
	at play.forkrun.protocol.Serializers$PlayRunsupportReloaderCompileResultUnpickler$macro$66$2$.unpickle(Serializers.scala:181) ~[na:na]
	at scala.pickling.Unpickler$class.unpickleEntry(Pickler.scala:79) ~[na:na]
	at play.forkrun.protocol.Serializers$PlayRunsupportReloaderCompileResultUnpickler$macro$66$2$.unpickleEntry(Serializers.scala:181) ~[na:na]
	at scala.pickling.functions$.unpickle(functions.scala:11) ~[na:na]
	at sbt.serialization.JsonValue$$anonfun$parse$1.apply(SerializedValue.scala:104) ~[na:na]
	at scala.util.Try$.apply(Try.scala:191) ~[scala-library-2.11.6.jar:na]
	at sbt.serialization.JsonValue.parse(SerializedValue.scala:104) ~[na:na]
	at sbt.protocol.BuildValue.value(Values.scala:11) ~[na:na]
	at sbt.protocol.TaskSuccess.resultWithCustomThrowable(Values.scala:65) ~[na:na]
	at sbt.protocol.TaskResult$class.result(Values.scala:56) ~[na:na]
	at sbt.protocol.TaskSuccess.result(Values.scala:62) ~[na:na]
	at play.forkrun.ForkRun$$anonfun$reloading$1.applyOrElse(ForkRun.scala:197) ~[na:na]
	at akka.actor.Actor$class.aroundReceive(Actor.scala:465) ~[akka-actor_2.11-2.3.13.jar:na]
	at play.forkrun.ForkRun.aroundReceive(ForkRun.scala:152) ~[na:na]
	at akka.actor.ActorCell.receiveMessage(ActorCell.scala:516) ~[akka-actor_2.11-2.3.13.jar:na]
	at akka.actor.ActorCell.invoke(ActorCell.scala:487) ~[akka-actor_2.11-2.3.13.jar:na]
	at akka.dispatch.Mailbox.processMailbox(Mailbox.scala:254) ~[akka-actor_2.11-2.3.13.jar:na]
	at akka.dispatch.Mailbox.run(Mailbox.scala:221) ~[akka-actor_2.11-2.3.13.jar:na]
	at akka.dispatch.Mailbox.exec(Mailbox.scala:231) ~[akka-actor_2.11-2.3.13.jar:na]
	at scala.concurrent.forkjoin.ForkJoinTask.doExec(ForkJoinTask.java:260) ~[scala-library-2.11.6.jar:na]
	at scala.concurrent.forkjoin.ForkJoinPool$WorkQueue.pollAndExecAll(ForkJoinPool.java:1253) ~[scala-library-2.11.6.jar:na]
	at scala.concurrent.forkjoin.ForkJoinPool$WorkQueue.runTask(ForkJoinPool.java:1346) ~[scala-library-2.11.6.jar:na]
	at scala.concurrent.forkjoin.ForkJoinPool.runWorker(ForkJoinPool.java:1979) ~[scala-library-2.11.6.jar:na]
	at scala.concurrent.forkjoin.ForkJoinWorkerThread.run(ForkJoinWorkerThread.java:107) ~[scala-library-2.11.6.jar:na]
2015-11-17 06:58:34,501 [ERROR] from application in New I/O worker #2 - 

! @6o6c3p1oc - Internal server error, for (GET) [/] ->
 
play.forkrun.protocol.Serializers$playExceptionPickler$$anon$1: Compilation error[not found: value title]
	at play.forkrun.protocol.Serializers$playExceptionPickler$.unpickle(Serializers.scala:159) ~[na:na]
	at play.forkrun.protocol.Serializers$PlayRunsupportReloaderCompileFailureUnpickler$macro$56$2$.unpickle(Serializers.scala:175) ~[na:na]
	at play.forkrun.protocol.Serializers$PlayRunsupportReloaderCompileResultUnpickler$macro$66$2$.unpickle(Serializers.scala:181) ~[na:na]
	at scala.pickling.Unpickler$class.unpickleEntry(Pickler.scala:79) ~[na:na]
	at play.forkrun.protocol.Serializers$PlayRunsupportReloaderCompileResultUnpickler$macro$66$2$.unpickleEntry(Serializers.scala:181) ~[na:na]
	at scala.pickling.functions$.unpickle(functions.scala:11) ~[na:na]
	at sbt.serialization.JsonValue$$anonfun$parse$1.apply(SerializedValue.scala:104) ~[na:na]
	at scala.util.Try$.apply(Try.scala:191) ~[scala-library-2.11.6.jar:na]
	at sbt.serialization.JsonValue.parse(SerializedValue.scala:104) ~[na:na]
	at sbt.protocol.BuildValue.value(Values.scala:11) ~[na:na]
	at sbt.protocol.TaskSuccess.resultWithCustomThrowable(Values.scala:65) ~[na:na]
	at sbt.protocol.TaskResult$class.result(Values.scala:56) ~[na:na]
	at sbt.protocol.TaskSuccess.result(Values.scala:62) ~[na:na]
	at play.forkrun.ForkRun$$anonfun$reloading$1.applyOrElse(ForkRun.scala:197) ~[na:na]
	at akka.actor.Actor$class.aroundReceive(Actor.scala:465) ~[akka-actor_2.11-2.3.13.jar:na]
	at play.forkrun.ForkRun.aroundReceive(ForkRun.scala:152) ~[na:na]
	at akka.actor.ActorCell.receiveMessage(ActorCell.scala:516) ~[akka-actor_2.11-2.3.13.jar:na]
	at akka.actor.ActorCell.invoke(ActorCell.scala:487) ~[akka-actor_2.11-2.3.13.jar:na]
	at akka.dispatch.Mailbox.processMailbox(Mailbox.scala:254) ~[akka-actor_2.11-2.3.13.jar:na]
	at akka.dispatch.Mailbox.run(Mailbox.scala:221) ~[akka-actor_2.11-2.3.13.jar:na]
	at akka.dispatch.Mailbox.exec(Mailbox.scala:231) ~[akka-actor_2.11-2.3.13.jar:na]
	at scala.concurrent.forkjoin.ForkJoinTask.doExec(ForkJoinTask.java:260) ~[scala-library-2.11.6.jar:na]
	at scala.concurrent.forkjoin.ForkJoinPool$WorkQueue.runTask(ForkJoinPool.java:1339) ~[scala-library-2.11.6.jar:na]
	at scala.concurrent.forkjoin.ForkJoinPool.runWorker(ForkJoinPool.java:1979) ~[scala-library-2.11.6.jar:na]
	at scala.concurrent.forkjoin.ForkJoinWorkerThread.run(ForkJoinWorkerThread.java:107) ~[scala-library-2.11.6.jar:na]
